"Start of log file."
"C:/Users/Public/DOCUME~1/UNITYP~1/Equipe2/PIZZAQ~1/Assets/Models/Wall.max"
"Starting max loading and fbx conversion"
window = undefined
"Settings units"
"Before fbx export"
"After fbx export"
"Finished max loading and fbx conversion"
"C:/Users/Public/DOCUME~1/UNITYP~1/Equipe2/PIZZAQ~1/Assets/Models/door.max"
"Starting max loading and fbx conversion"
window = undefined
"Settings units"
"Before fbx export"
"After fbx export"
"Finished max loading and fbx conversion"
"C:/Users/Public/DOCUME~1/UNITYP~1/Equipe2/PIZZAQ~1/Assets/Models/Floor.max"
"Starting max loading and fbx conversion"
window = undefined
"Settings units"
"Before fbx export"
"After fbx export"
"Finished max loading and fbx conversion"
"C:/Users/Public/DOCUME~1/UNITYP~1/Equipe2/PIZZAQ~1/Assets/Zombie.max"
"Starting max loading and fbx conversion"
window = undefined
"Settings units"
"Before fbx export"
"After fbx export"
"Finished max loading and fbx conversion"
